<?xml version="1.0" encoding="UTF-8"?>
<!-- Generated by org.testng.reporters.JUnitReportReporter -->
<testsuite hostname="JIM-TI8227" name="DataProviderObjects.DP_LoginScenario" tests="1" failures="0" timestamp="12 Dec 2015 06:43:57 GMT" time="1.354" errors="0">
  <testcase name="excelhandler" time="1.354" classname="DataProviderObjects.DP_LoginScenario"/>
</testsuite> <!-- DataProviderObjects.DP_LoginScenario -->
