<?xml version="1.0" encoding="UTF-8"?>
<!-- Generated by org.testng.reporters.JUnitReportReporter -->
<testsuite hostname="JIM-TI8227" name="day8.FirstTestNGClass" tests="3" failures="0" timestamp="6 Dec 2015 05:23:40 GMT" time="0.020" errors="0">
  <testcase name="sendmail" time="0.000" classname="day8.FirstTestNGClass"/>
  <testcase name="login" time="0.020" classname="day8.FirstTestNGClass"/>
  <testcase name="logout" time="0.000" classname="day8.FirstTestNGClass"/>
</testsuite> <!-- day8.FirstTestNGClass -->
