<?xml version="1.0" encoding="UTF-8"?>
<!-- Generated by org.testng.reporters.JUnitReportReporter -->
<testsuite hostname="JIM-TI8227" name="sceanrios_TCs.t" tests="1" failures="0" timestamp="12 Dec 2015 03:19:01 GMT" time="0.020" errors="0">
  <testcase name="v" time="0.020" classname="sceanrios_TCs.t"/>
</testsuite> <!-- sceanrios_TCs.t -->
