<?xml version="1.0" encoding="UTF-8"?>
<!-- Generated by org.testng.reporters.JUnitReportReporter -->
<testsuite hostname="JIM-TI8227" name="sceanrios_TCs.Cart_Scenario" tests="2" failures="0" timestamp="19 Dec 2015 00:59:13 GMT" time="58.827" errors="0">
  <testcase name="addcart" time="33.303" classname="sceanrios_TCs.Cart_Scenario"/>
  <testcase name="deletecart" time="25.524" classname="sceanrios_TCs.Cart_Scenario"/>
</testsuite> <!-- sceanrios_TCs.Cart_Scenario -->
